\BOOKMARK [1][-]{section.1}{\376\377\000I\000n\000t\000r\000o\000d\000u\000c\000t\000i\000o\000n}{}% 1
\BOOKMARK [1][-]{section.2}{\376\377\000P\000r\000o\000j\000e\000c\000t\000\040\000d\000e\000f\000i\000n\000i\000t\000i\000o\000n}{}% 2
\BOOKMARK [2][-]{subsection.2.1}{\376\377\000R\000e\000s\000e\000a\000r\000c\000h\000\040\000q\000u\000e\000s\000t\000i\000o\000n}{section.2}% 3
\BOOKMARK [2][-]{subsection.2.2}{\376\377\000R\000e\000s\000e\000a\000r\000c\000h\000\040\000g\000o\000a\000l}{section.2}% 4
\BOOKMARK [1][-]{section.3}{\376\377\000B\000a\000c\000k\000g\000r\000o\000u\000n\000d}{}% 5
\BOOKMARK [2][-]{subsection.3.1}{\376\377\000v\000a\000n\000\040\000d\000e\000r\000\040\000W\000a\000a\000l\000s\000\040\000H\000e\000t\000e\000r\000o\000s\000t\000u\000c\000t\000u\000r\000e\000s}{section.3}% 6
\BOOKMARK [2][-]{subsection.3.2}{\376\377\000F\000a\000b\000r\000i\000c\000a\000t\000i\000o\000n\000\040\000o\000f\000\040\000v\000a\000n\000\040\000d\000e\000r\000\040\000W\000a\000a\000l\000s\000\040\000H\000e\000t\000e\000r\000o\000s\000t\000r\000u\000c\000t\000u\000r\000e\000s\000:\000\040\000S\000t\000a\000m\000p\000i\000n\000g}{section.3}% 7
\BOOKMARK [2][-]{subsection.3.3}{\376\377\000V\000i\000b\000r\000a\000t\000i\000o\000n\000\040\000i\000s\000o\000l\000a\000t\000i\000o\000n}{section.3}% 8
\BOOKMARK [2][-]{subsection.3.4}{\376\377\000C\000r\000i\000t\000e\000r\000i\000a}{section.3}% 9
\BOOKMARK [1][-]{section.4}{\376\377\000M\000e\000t\000h\000o\000d\000s\000\040\000\046\000\040\000R\000e\000s\000u\000l\000t\000s}{}% 10
\BOOKMARK [2][-]{subsection.4.1}{\376\377\000S\000t\000a\000n\000d\000\040\000d\000e\000s\000i\000g\000n}{section.4}% 11
\BOOKMARK [2][-]{subsection.4.2}{\376\377\000M\000a\000s\000k\000\040\000d\000e\000s\000i\000g\000n}{section.4}% 12
\BOOKMARK [2][-]{subsection.4.3}{\376\377\000S\000a\000m\000p\000l\000e\000\040\000h\000o\000l\000d\000e\000r\000\040\000d\000e\000s\000i\000g\000n}{section.4}% 13
\BOOKMARK [2][-]{subsection.4.4}{\376\377\000B\000a\000s\000e\000\040\000s\000t\000a\000g\000e\000\040\000a\000u\000t\000o\000m\000i\000s\000a\000t\000i\000o\000n}{section.4}% 14
\BOOKMARK [2][-]{subsection.4.5}{\376\377\000S\000t\000a\000g\000e\000\040\000c\000a\000l\000i\000b\000r\000a\000t\000i\000o\000n}{section.4}% 15
\BOOKMARK [2][-]{subsection.4.6}{\376\377\000S\000o\000f\000t\000w\000a\000r\000e}{section.4}% 16
\BOOKMARK [3][-]{subsubsection.4.6.1}{\376\377\000A\000r\000c\000h\000i\000t\000e\000c\000t\000u\000r\000e}{subsection.4.6}% 17
\BOOKMARK [3][-]{subsubsection.4.6.2}{\376\377\000F\000r\000o\000n\000t\000e\000n\000d}{subsection.4.6}% 18
\BOOKMARK [3][-]{subsubsection.4.6.3}{\376\377\000M\000i\000d\000d\000l\000e\000w\000a\000r\000e}{subsection.4.6}% 19
\BOOKMARK [3][-]{subsubsection.4.6.4}{\376\377\000B\000a\000c\000k\000e\000n\000d}{subsection.4.6}% 20
\BOOKMARK [3][-]{subsubsection.4.6.5}{\376\377\000F\000o\000r\000b\000i\000d\000d\000e\000n\000\040\000a\000r\000e\000a\000s}{subsection.4.6}% 21
\BOOKMARK [1][-]{section.5}{\376\377\000C\000o\000n\000c\000l\000u\000s\000i\000o\000n}{}% 22
\BOOKMARK [1][-]{section.6}{\376\377\000D\000i\000s\000c\000u\000s\000s\000i\000o\000n}{}% 23
\BOOKMARK [1][-]{appendix.A}{\376\377\000P\000r\000o\000g\000r\000a\000m\000m\000i\000n\000g\000\040\000t\000e\000r\000m\000s}{}% 24
\BOOKMARK [1][-]{appendix.B}{\376\377\000B\000a\000c\000k\000e\000n\000d\000\040\000b\000a\000s\000e\000\040\000c\000l\000a\000s\000s\000e\000s}{}% 25
\BOOKMARK [1][-]{lstnumber.-2.136}{\376\377\000T\000o\000d\000o\000\040\000l\000i\000s\000t}{}% 26
